#
# A fatal error has been detected by the Java Runtime Environment:
#
#  EXCEPTION_ACCESS_VIOLATION (0xc0000005) at pc=0x0000000000000000, pid=11760, tid=13892
#
# JRE version: OpenJDK Runtime Environment Temurin-17.0.4+8 (17.0.4+8) (build 17.0.4+8)
# Java VM: OpenJDK 64-Bit Server VM Temurin-17.0.4+8 (17.0.4+8, mixed mode, tiered, compressed oops, compressed class ptrs, g1 gc, windows-amd64)
# Problematic frame:
# C  0x0000000000000000
#
# No core dump will be written. Minidumps are not enabled by default on client versions of Windows
#
# If you would like to submit a bug report, please visit:
#   https://github.com/adoptium/adoptium-support/issues
# The crash happened outside the Java Virtual Machine in native code.
# See problematic frame for where to report the bug.
#

---------------  S U M M A R Y ------------

Command Line: -Dfile.encoding=UTF-8 -XX:+ShowCodeDetailsInExceptionMessages com.mygdx.game.DesktopLauncher

Host: Intel(R) Core(TM) i5-1035G1 CPU @ 1.00GHz, 8 cores, 7G,  Windows 10 , 64 bit Build 19041 (10.0.19041.1889)
Time: Sun Oct 30 14:59:41 2022 Hora verano Sudamérica Pacífico elapsed time: 1.798008 seconds (0d 0h 0m 1s)

---------------  T H R E A D  ---------------

Current thread (0x0000022ddbfab880):  JavaThread "main" [_thread_in_native, id=13892, stack(0x000000fdce500000,0x000000fdce600000)]

Stack: [0x000000fdce500000,0x000000fdce600000],  sp=0x000000fdce5fea88,  free space=1018k
Native frames: (J=compiled Java code, j=interpreted, Vv=VM code, C=native code)

Java frames: (J=compiled Java code, j=interpreted, Vv=VM code)
j  com.badlogic.gdx.physics.box2d.Body.jniCreateFixture(JJFFFZSSS)J+0
j  com.badlogic.gdx.physics.box2d.Body.createFixture(Lcom/badlogic/gdx/physics/box2d/FixtureDef;)Lcom/badlogic/gdx/physics/box2d/Fixture;+49
j  com.mygdx.game.Tail.createTail(FFLcom/badlogic/gdx/physics/box2d/World;)V+95
j  com.mygdx.game.Tail.<init>(FFLcom/badlogic/gdx/graphics/Texture;Lcom/badlogic/gdx/physics/box2d/World;)V+60
j  com.mygdx.game.BodySnake.<init>(FFLcom/badlogic/gdx/graphics/Texture;Lcom/badlogic/gdx/physics/box2d/World;)V+115
j  com.mygdx.game.Snake.<init>(FFLcom/badlogic/gdx/graphics/Texture;Lcom/badlogic/gdx/physics/box2d/World;)V+51
j  Levels.Level1.<init>(Lcom/mygdx/game/JimboAdventures;Lcom/badlogic/gdx/physics/box2d/World;Lcom/mygdx/game/Superficies;)V+78
j  com.mygdx.game.JimboAdventures.create()V+61
j  com.badlogic.gdx.backends.lwjgl3.Lwjgl3Window.initializeListener()V+11
j  com.badlogic.gdx.backends.lwjgl3.Lwjgl3Window.update()Z+8
j  com.badlogic.gdx.backends.lwjgl3.Lwjgl3Application.loop()V+111
j  com.badlogic.gdx.backends.lwjgl3.Lwjgl3Application.<init>(Lcom/badlogic/gdx/ApplicationListener;Lcom/badlogic/gdx/backends/lwjgl3/Lwjgl3ApplicationConfiguration;)V+269
j  com.mygdx.game.DesktopLauncher.main([Ljava/lang/String;)V+46
v  ~StubRoutines::call_stub

siginfo: EXCEPTION_ACCESS_VIOLATION (0xc0000005), data execution prevention violation at address 0x0000000000000000


Register to memory mapping:

RIP=0x0 is NULL
RAX=0x0000022df834c930 points into unknown readable memory: 0x0000022dd9d60150 | 50 01 d6 d9 2d 02 00 00
RBX=0x0000022df83002f0 points into unknown readable memory: 0x0000022d00000000 | 00 00 00 00 2d 02 00 00
RCX=0x0000022df82fc0b0 points into unknown readable memory: 0x0000022df834c930 | 30 c9 34 f8 2d 02 00 00
RDX=0x0000022df82e21a0 points into unknown readable memory: 0x0000022df82fb530 | 30 b5 2f f8 2d 02 00 00
RSP=0x000000fdce5fea88 is pointing into the stack for thread: 0x0000022ddbfab880
RBP=0x0000022df82e21a0 points into unknown readable memory: 0x0000022df82fb530 | 30 b5 2f f8 2d 02 00 00
RSI=0x000000fdce5feb50 is pointing into the stack for thread: 0x0000022ddbfab880
RDI=0x0000022df82e21a0 points into unknown readable memory: 0x0000022df82fb530 | 30 b5 2f f8 2d 02 00 00
R8 =0x0000022df82fc460 points into unknown readable memory: 0x0000002600000002 | 02 00 00 00 26 00 00 00
R9 =0x000000fdce5feb50 is pointing into the stack for thread: 0x0000022ddbfab880
R10=0x0000022ddf67d5d2 is at code_begin+946 in an Interpreter codelet
method entry point (kind = native)  [0x0000022ddf67d220, 0x0000022ddf67dba0]  2432 bytes
R11=0x0000000000000102 is an unknown value
R12=0x0 is NULL
R13={method} {0x0000022df9a70360} 'jniCreateFixture' '(JJFFFZSSS)J' in 'com/badlogic/gdx/physics/box2d/Body'
R14=0x000000fdce5fecd0 is pointing into the stack for thread: 0x0000022ddbfab880
R15=0x0000022ddbfab880 is a thread


Registers:
RAX=0x0000022df834c930, RBX=0x0000022df83002f0, RCX=0x0000022df82fc0b0, RDX=0x0000022df82e21a0
RSP=0x000000fdce5fea88, RBP=0x0000022df82e21a0, RSI=0x000000fdce5feb50, RDI=0x0000022df82e21a0
R8 =0x0000022df82fc460, R9 =0x000000fdce5feb50, R10=0x0000022ddf67d5d2, R11=0x0000000000000102
R12=0x0000000000000000, R13=0x0000022df9a70358, R14=0x000000fdce5fecd0, R15=0x0000022ddbfab880
RIP=0x0000000000000000, EFLAGS=0x0000000000010206

Top of Stack: (sp=0x000000fdce5fea88)
0x000000fdce5fea88:   0000000067bff50c 0000022ddf689da6
0x000000fdce5fea98:   0000022ddf678e10 0000022d00000000
0x000000fdce5feaa8:   0000022df82fc460 0000022df6295e48
0x000000fdce5feab8:   0000022df82fc460 0000022df83002f0
0x000000fdce5feac8:   0000022df82e21a0 000000fdce5feb50
0x000000fdce5fead8:   0000000067bfe3bd 000000fdce5fed48
0x000000fdce5feae8:   0000000000000000 00000001000f0840
0x000000fdce5feaf8:   0000022df9a702d0 0000022ddbfab880
0x000000fdce5feb08:   0000022df9a70358 0000022df6295e48
0x000000fdce5feb18:   0000000000013a88 000000fdce5fec58
0x000000fdce5feb28:   0000000067c0464d 0000022ddbfab880
0x000000fdce5feb38:   0000022df9b57c2f 000000fdce5fede8
0x000000fdce5feb48:   0000022ddbfab880 0000022df82fc0b0
0x000000fdce5feb58:   0000000000000000 000000003e4ccccd
0x000000fdce5feb68:   00017f0000000000 0000022d0000ffff
0x000000fdce5feb78:   0000000000000000 0000022ddbfabd60 

Instructions: (pc=0x0000000000000000)
0xffffffffffffff00:   


Stack slot to memory mapping:
stack at sp + 0 slots: 0x0000000067bff50c gdx-box2d64.dll
stack at sp + 1 slots: 0x0000022ddf689da6 is at code_begin+102 in an Interpreter codelet
invokevirtual  182 invokevirtual  [0x0000022ddf689d40, 0x0000022ddf68a1e0]  1184 bytes
stack at sp + 2 slots: 0x0000022ddf678e10 is at code_begin+-112 in 
[CodeBlob (0x0000022ddf678e10)]
Framesize: 0
BufferBlob (0x0000022ddf678e10) used for Interpreter
stack at sp + 3 slots: 0x0000022d00000000 is an unknown value
stack at sp + 4 slots: 0x0000022df82fc460 points into unknown readable memory: 0x0000002600000002 | 02 00 00 00 26 00 00 00
stack at sp + 5 slots: 0x0000022df6295e48 is pointing into metadata
stack at sp + 6 slots: 0x0000022df82fc460 points into unknown readable memory: 0x0000002600000002 | 02 00 00 00 26 00 00 00
stack at sp + 7 slots: 0x0000022df83002f0 points into unknown readable memory: 0x0000022d00000000 | 00 00 00 00 2d 02 00 00


---------------  P R O C E S S  ---------------

Threads class SMR info:
_java_thread_list=0x0000022df7310e20, length=12, elements={
0x0000022ddbfab880, 0x0000022df6833620, 0x0000022df6834250, 0x0000022df5d52630,
0x0000022df5d52ef0, 0x0000022df6853020, 0x0000022df68538e0, 0x0000022df685f9e0,
0x0000022df68612f0, 0x0000022df6864c10, 0x0000022df69d65c0, 0x0000022df69f10d0
}

Java Threads: ( => current thread )
=>0x0000022ddbfab880 JavaThread "main" [_thread_in_native, id=13892, stack(0x000000fdce500000,0x000000fdce600000)]
  0x0000022df6833620 JavaThread "Reference Handler" daemon [_thread_blocked, id=13768, stack(0x000000fdcec00000,0x000000fdced00000)]
  0x0000022df6834250 JavaThread "Finalizer" daemon [_thread_blocked, id=13024, stack(0x000000fdced00000,0x000000fdcee00000)]
  0x0000022df5d52630 JavaThread "Signal Dispatcher" daemon [_thread_blocked, id=14532, stack(0x000000fdcee00000,0x000000fdcef00000)]
  0x0000022df5d52ef0 JavaThread "Attach Listener" daemon [_thread_blocked, id=8952, stack(0x000000fdcef00000,0x000000fdcf000000)]
  0x0000022df6853020 JavaThread "Service Thread" daemon [_thread_blocked, id=14316, stack(0x000000fdcf000000,0x000000fdcf100000)]
  0x0000022df68538e0 JavaThread "Monitor Deflation Thread" daemon [_thread_blocked, id=2236, stack(0x000000fdcf100000,0x000000fdcf200000)]
  0x0000022df685f9e0 JavaThread "C2 CompilerThread0" daemon [_thread_blocked, id=12284, stack(0x000000fdcf200000,0x000000fdcf300000)]
  0x0000022df68612f0 JavaThread "C1 CompilerThread0" daemon [_thread_blocked, id=12584, stack(0x000000fdcf300000,0x000000fdcf400000)]
  0x0000022df6864c10 JavaThread "Sweeper thread" daemon [_thread_blocked, id=13856, stack(0x000000fdcf400000,0x000000fdcf500000)]
  0x0000022df69d65c0 JavaThread "Notification Thread" daemon [_thread_blocked, id=14928, stack(0x000000fdcf500000,0x000000fdcf600000)]
  0x0000022df69f10d0 JavaThread "Common-Cleaner" daemon [_thread_blocked, id=16196, stack(0x000000fdcf700000,0x000000fdcf800000)]

Other Threads:
  0x0000022df681f810 VMThread "VM Thread" [stack: 0x000000fdceb00000,0x000000fdcec00000] [id=13364]
  0x0000022df6980410 WatcherThread [stack: 0x000000fdcf600000,0x000000fdcf700000] [id=8588]
  0x0000022ddc006750 GCTaskThread "GC Thread#0" [stack: 0x000000fdce600000,0x000000fdce700000] [id=1108]
  0x0000022ddc0173b0 ConcurrentGCThread "G1 Main Marker" [stack: 0x000000fdce700000,0x000000fdce800000] [id=12636]
  0x0000022ddc018cd0 ConcurrentGCThread "G1 Conc#0" [stack: 0x000000fdce800000,0x000000fdce900000] [id=10404]
  0x0000022df5ba7140 ConcurrentGCThread "G1 Refine#0" [stack: 0x000000fdce900000,0x000000fdcea00000] [id=8340]
  0x0000022df5ba7970 ConcurrentGCThread "G1 Service" [stack: 0x000000fdcea00000,0x000000fdceb00000] [id=11536]

Threads with active compile tasks:

VM state: not at safepoint (normal execution)

VM Mutex/Monitor currently owned by a thread: None

Heap address: 0x0000000084c00000, size: 1972 MB, Compressed Oops mode: 32-bit

CDS archive(s) not mapped
Compressed class space mapped at: 0x0000000100000000-0x0000000140000000, reserved size: 1073741824
Narrow klass base: 0x0000000000000000, Narrow klass shift: 3, Narrow klass range: 0x140000000

GC Precious Log:
 CPUs: 8 total, 8 available
 Memory: 7880M
 Large Page Support: Disabled
 NUMA Support: Disabled
 Compressed Oops: Enabled (32-bit)
 Heap Region Size: 1M
 Heap Min Capacity: 8M
 Heap Initial Capacity: 124M
 Heap Max Capacity: 1972M
 Pre-touch: Disabled
 Parallel Workers: 8
 Concurrent Workers: 2
 Concurrent Refinement Workers: 8
 Periodic GC: Disabled

Heap:
 garbage-first heap   total 126976K, used 16384K [0x0000000084c00000, 0x0000000100000000)
  region size 1024K, 18 young (18432K), 0 survivors (0K)
 Metaspace       used 12456K, committed 12672K, reserved 1064960K
  class space    used 994K, committed 1088K, reserved 1048576K

Heap Regions: E=young(eden), S=young(survivor), O=old, HS=humongous(starts), HC=humongous(continues), CS=collection set, F=free, OA=open archive, CA=closed archive, TAMS=top-at-mark-start (previous, next)
|   0|0x0000000084c00000, 0x0000000084c00000, 0x0000000084d00000|  0%| F|  |TAMS 0x0000000084c00000, 0x0000000084c00000| Untracked 
|   1|0x0000000084d00000, 0x0000000084d00000, 0x0000000084e00000|  0%| F|  |TAMS 0x0000000084d00000, 0x0000000084d00000| Untracked 
|   2|0x0000000084e00000, 0x0000000084e00000, 0x0000000084f00000|  0%| F|  |TAMS 0x0000000084e00000, 0x0000000084e00000| Untracked 
|   3|0x0000000084f00000, 0x0000000084f00000, 0x0000000085000000|  0%| F|  |TAMS 0x0000000084f00000, 0x0000000084f00000| Untracked 
|   4|0x0000000085000000, 0x0000000085000000, 0x0000000085100000|  0%| F|  |TAMS 0x0000000085000000, 0x0000000085000000| Untracked 
|   5|0x0000000085100000, 0x0000000085100000, 0x0000000085200000|  0%| F|  |TAMS 0x0000000085100000, 0x0000000085100000| Untracked 
|   6|0x0000000085200000, 0x0000000085200000, 0x0000000085300000|  0%| F|  |TAMS 0x0000000085200000, 0x0000000085200000| Untracked 
|   7|0x0000000085300000, 0x0000000085300000, 0x0000000085400000|  0%| F|  |TAMS 0x0000000085300000, 0x0000000085300000| Untracked 
|   8|0x0000000085400000, 0x0000000085400000, 0x0000000085500000|  0%| F|  |TAMS 0x0000000085400000, 0x0000000085400000| Untracked 
|   9|0x0000000085500000, 0x0000000085500000, 0x0000000085600000|  0%| F|  |TAMS 0x0000000085500000, 0x0000000085500000| Untracked 
|  10|0x0000000085600000, 0x0000000085600000, 0x0000000085700000|  0%| F|  |TAMS 0x0000000085600000, 0x0000000085600000| Untracked 
|  11|0x0000000085700000, 0x0000000085700000, 0x0000000085800000|  0%| F|  |TAMS 0x0000000085700000, 0x0000000085700000| Untracked 
|  12|0x0000000085800000, 0x0000000085800000, 0x0000000085900000|  0%| F|  |TAMS 0x0000000085800000, 0x0000000085800000| Untracked 
|  13|0x0000000085900000, 0x0000000085900000, 0x0000000085a00000|  0%| F|  |TAMS 0x0000000085900000, 0x0000000085900000| Untracked 
|  14|0x0000000085a00000, 0x0000000085a00000, 0x0000000085b00000|  0%| F|  |TAMS 0x0000000085a00000, 0x0000000085a00000| Untracked 
|  15|0x0000000085b00000, 0x0000000085b00000, 0x0000000085c00000|  0%| F|  |TAMS 0x0000000085b00000, 0x0000000085b00000| Untracked 
|  16|0x0000000085c00000, 0x0000000085c00000, 0x0000000085d00000|  0%| F|  |TAMS 0x0000000085c00000, 0x0000000085c00000| Untracked 
|  17|0x0000000085d00000, 0x0000000085d00000, 0x0000000085e00000|  0%| F|  |TAMS 0x0000000085d00000, 0x0000000085d00000| Untracked 
|  18|0x0000000085e00000, 0x0000000085e00000, 0x0000000085f00000|  0%| F|  |TAMS 0x0000000085e00000, 0x0000000085e00000| Untracked 
|  19|0x0000000085f00000, 0x0000000085f00000, 0x0000000086000000|  0%| F|  |TAMS 0x0000000085f00000, 0x0000000085f00000| Untracked 
|  20|0x0000000086000000, 0x0000000086000000, 0x0000000086100000|  0%| F|  |TAMS 0x0000000086000000, 0x0000000086000000| Untracked 
|  21|0x0000000086100000, 0x0000000086100000, 0x0000000086200000|  0%| F|  |TAMS 0x0000000086100000, 0x0000000086100000| Untracked 
|  22|0x0000000086200000, 0x0000000086200000, 0x0000000086300000|  0%| F|  |TAMS 0x0000000086200000, 0x0000000086200000| Untracked 
|  23|0x0000000086300000, 0x0000000086300000, 0x0000000086400000|  0%| F|  |TAMS 0x0000000086300000, 0x0000000086300000| Untracked 
|  24|0x0000000086400000, 0x0000000086400000, 0x0000000086500000|  0%| F|  |TAMS 0x0000000086400000, 0x0000000086400000| Untracked 
|  25|0x0000000086500000, 0x0000000086500000, 0x0000000086600000|  0%| F|  |TAMS 0x0000000086500000, 0x0000000086500000| Untracked 
|  26|0x0000000086600000, 0x0000000086600000, 0x0000000086700000|  0%| F|  |TAMS 0x0000000086600000, 0x0000000086600000| Untracked 
|  27|0x0000000086700000, 0x0000000086700000, 0x0000000086800000|  0%| F|  |TAMS 0x0000000086700000, 0x0000000086700000| Untracked 
|  28|0x0000000086800000, 0x0000000086800000, 0x0000000086900000|  0%| F|  |TAMS 0x0000000086800000, 0x0000000086800000| Untracked 
|  29|0x0000000086900000, 0x0000000086900000, 0x0000000086a00000|  0%| F|  |TAMS 0x0000000086900000, 0x0000000086900000| Untracked 
|  30|0x0000000086a00000, 0x0000000086a00000, 0x0000000086b00000|  0%| F|  |TAMS 0x0000000086a00000, 0x0000000086a00000| Untracked 
|  31|0x0000000086b00000, 0x0000000086b00000, 0x0000000086c00000|  0%| F|  |TAMS 0x0000000086b00000, 0x0000000086b00000| Untracked 
|  32|0x0000000086c00000, 0x0000000086c00000, 0x0000000086d00000|  0%| F|  |TAMS 0x0000000086c00000, 0x0000000086c00000| Untracked 
|  33|0x0000000086d00000, 0x0000000086d00000, 0x0000000086e00000|  0%| F|  |TAMS 0x0000000086d00000, 0x0000000086d00000| Untracked 
|  34|0x0000000086e00000, 0x0000000086e00000, 0x0000000086f00000|  0%| F|  |TAMS 0x0000000086e00000, 0x0000000086e00000| Untracked 
|  35|0x0000000086f00000, 0x0000000086f00000, 0x0000000087000000|  0%| F|  |TAMS 0x0000000086f00000, 0x0000000086f00000| Untracked 
|  36|0x0000000087000000, 0x0000000087000000, 0x0000000087100000|  0%| F|  |TAMS 0x0000000087000000, 0x0000000087000000| Untracked 
|  37|0x0000000087100000, 0x0000000087100000, 0x0000000087200000|  0%| F|  |TAMS 0x0000000087100000, 0x0000000087100000| Untracked 
|  38|0x0000000087200000, 0x0000000087200000, 0x0000000087300000|  0%| F|  |TAMS 0x0000000087200000, 0x0000000087200000| Untracked 
|  39|0x0000000087300000, 0x0000000087300000, 0x0000000087400000|  0%| F|  |TAMS 0x0000000087300000, 0x0000000087300000| Untracked 
|  40|0x0000000087400000, 0x0000000087400000, 0x0000000087500000|  0%| F|  |TAMS 0x0000000087400000, 0x0000000087400000| Untracked 
|  41|0x0000000087500000, 0x0000000087500000, 0x0000000087600000|  0%| F|  |TAMS 0x0000000087500000, 0x0000000087500000| Untracked 
|  42|0x0000000087600000, 0x0000000087600000, 0x0000000087700000|  0%| F|  |TAMS 0x0000000087600000, 0x0000000087600000| Untracked 
|  43|0x0000000087700000, 0x0000000087700000, 0x0000000087800000|  0%| F|  |TAMS 0x0000000087700000, 0x0000000087700000| Untracked 
|  44|0x0000000087800000, 0x0000000087800000, 0x0000000087900000|  0%| F|  |TAMS 0x0000000087800000, 0x0000000087800000| Untracked 
|  45|0x0000000087900000, 0x0000000087900000, 0x0000000087a00000|  0%| F|  |TAMS 0x0000000087900000, 0x0000000087900000| Untracked 
|  46|0x0000000087a00000, 0x0000000087a00000, 0x0000000087b00000|  0%| F|  |TAMS 0x0000000087a00000, 0x0000000087a00000| Untracked 
|  47|0x0000000087b00000, 0x0000000087b00000, 0x0000000087c00000|  0%| F|  |TAMS 0x0000000087b00000, 0x0000000087b00000| Untracked 
|  48|0x0000000087c00000, 0x0000000087c00000, 0x0000000087d00000|  0%| F|  |TAMS 0x0000000087c00000, 0x0000000087c00000| Untracked 
|  49|0x0000000087d00000, 0x0000000087d00000, 0x0000000087e00000|  0%| F|  |TAMS 0x0000000087d00000, 0x0000000087d00000| Untracked 
|  50|0x0000000087e00000, 0x0000000087e00000, 0x0000000087f00000|  0%| F|  |TAMS 0x0000000087e00000, 0x0000000087e00000| Untracked 
|  51|0x0000000087f00000, 0x0000000087f00000, 0x0000000088000000|  0%| F|  |TAMS 0x0000000087f00000, 0x0000000087f00000| Untracked 
|  52|0x0000000088000000, 0x0000000088000000, 0x0000000088100000|  0%| F|  |TAMS 0x0000000088000000, 0x0000000088000000| Untracked 
|  53|0x0000000088100000, 0x0000000088100000, 0x0000000088200000|  0%| F|  |TAMS 0x0000000088100000, 0x0000000088100000| Untracked 
|  54|0x0000000088200000, 0x0000000088200000, 0x0000000088300000|  0%| F|  |TAMS 0x0000000088200000, 0x0000000088200000| Untracked 
|  55|0x0000000088300000, 0x0000000088300000, 0x0000000088400000|  0%| F|  |TAMS 0x0000000088300000, 0x0000000088300000| Untracked 
|  56|0x0000000088400000, 0x0000000088400000, 0x0000000088500000|  0%| F|  |TAMS 0x0000000088400000, 0x0000000088400000| Untracked 
|  57|0x0000000088500000, 0x0000000088500000, 0x0000000088600000|  0%| F|  |TAMS 0x0000000088500000, 0x0000000088500000| Untracked 
|  58|0x0000000088600000, 0x0000000088600000, 0x0000000088700000|  0%| F|  |TAMS 0x0000000088600000, 0x0000000088600000| Untracked 
|  59|0x0000000088700000, 0x0000000088700000, 0x0000000088800000|  0%| F|  |TAMS 0x0000000088700000, 0x0000000088700000| Untracked 
|  60|0x0000000088800000, 0x0000000088800000, 0x0000000088900000|  0%| F|  |TAMS 0x0000000088800000, 0x0000000088800000| Untracked 
|  61|0x0000000088900000, 0x0000000088900000, 0x0000000088a00000|  0%| F|  |TAMS 0x0000000088900000, 0x0000000088900000| Untracked 
|  62|0x0000000088a00000, 0x0000000088a00000, 0x0000000088b00000|  0%| F|  |TAMS 0x0000000088a00000, 0x0000000088a00000| Untracked 
|  63|0x0000000088b00000, 0x0000000088b00000, 0x0000000088c00000|  0%| F|  |TAMS 0x0000000088b00000, 0x0000000088b00000| Untracked 
|  64|0x0000000088c00000, 0x0000000088c00000, 0x0000000088d00000|  0%| F|  |TAMS 0x0000000088c00000, 0x0000000088c00000| Untracked 
|  65|0x0000000088d00000, 0x0000000088d00000, 0x0000000088e00000|  0%| F|  |TAMS 0x0000000088d00000, 0x0000000088d00000| Untracked 
|  66|0x0000000088e00000, 0x0000000088e00000, 0x0000000088f00000|  0%| F|  |TAMS 0x0000000088e00000, 0x0000000088e00000| Untracked 
|  67|0x0000000088f00000, 0x0000000088f00000, 0x0000000089000000|  0%| F|  |TAMS 0x0000000088f00000, 0x0000000088f00000| Untracked 
|  68|0x0000000089000000, 0x0000000089000000, 0x0000000089100000|  0%| F|  |TAMS 0x0000000089000000, 0x0000000089000000| Untracked 
|  69|0x0000000089100000, 0x0000000089100000, 0x0000000089200000|  0%| F|  |TAMS 0x0000000089100000, 0x0000000089100000| Untracked 
|  70|0x0000000089200000, 0x0000000089200000, 0x0000000089300000|  0%| F|  |TAMS 0x0000000089200000, 0x0000000089200000| Untracked 
|  71|0x0000000089300000, 0x0000000089300000, 0x0000000089400000|  0%| F|  |TAMS 0x0000000089300000, 0x0000000089300000| Untracked 
|  72|0x0000000089400000, 0x0000000089400000, 0x0000000089500000|  0%| F|  |TAMS 0x0000000089400000, 0x0000000089400000| Untracked 
|  73|0x0000000089500000, 0x0000000089500000, 0x0000000089600000|  0%| F|  |TAMS 0x0000000089500000, 0x0000000089500000| Untracked 
|  74|0x0000000089600000, 0x0000000089600000, 0x0000000089700000|  0%| F|  |TAMS 0x0000000089600000, 0x0000000089600000| Untracked 
|  75|0x0000000089700000, 0x0000000089700000, 0x0000000089800000|  0%| F|  |TAMS 0x0000000089700000, 0x0000000089700000| Untracked 
|  76|0x0000000089800000, 0x0000000089800000, 0x0000000089900000|  0%| F|  |TAMS 0x0000000089800000, 0x0000000089800000| Untracked 
|  77|0x0000000089900000, 0x0000000089900000, 0x0000000089a00000|  0%| F|  |TAMS 0x0000000089900000, 0x0000000089900000| Untracked 
|  78|0x0000000089a00000, 0x0000000089a00000, 0x0000000089b00000|  0%| F|  |TAMS 0x0000000089a00000, 0x0000000089a00000| Untracked 
|  79|0x0000000089b00000, 0x0000000089b00000, 0x0000000089c00000|  0%| F|  |TAMS 0x0000000089b00000, 0x0000000089b00000| Untracked 
|  80|0x0000000089c00000, 0x0000000089c00000, 0x0000000089d00000|  0%| F|  |TAMS 0x0000000089c00000, 0x0000000089c00000| Untracked 
|  81|0x0000000089d00000, 0x0000000089d00000, 0x0000000089e00000|  0%| F|  |TAMS 0x0000000089d00000, 0x0000000089d00000| Untracked 
|  82|0x0000000089e00000, 0x0000000089e00000, 0x0000000089f00000|  0%| F|  |TAMS 0x0000000089e00000, 0x0000000089e00000| Untracked 
|  83|0x0000000089f00000, 0x0000000089f00000, 0x000000008a000000|  0%| F|  |TAMS 0x0000000089f00000, 0x0000000089f00000| Untracked 
|  84|0x000000008a000000, 0x000000008a000000, 0x000000008a100000|  0%| F|  |TAMS 0x000000008a000000, 0x000000008a000000| Untracked 
|  85|0x000000008a100000, 0x000000008a100000, 0x000000008a200000|  0%| F|  |TAMS 0x000000008a100000, 0x000000008a100000| Untracked 
|  86|0x000000008a200000, 0x000000008a200000, 0x000000008a300000|  0%| F|  |TAMS 0x000000008a200000, 0x000000008a200000| Untracked 
|  87|0x000000008a300000, 0x000000008a300000, 0x000000008a400000|  0%| F|  |TAMS 0x000000008a300000, 0x000000008a300000| Untracked 
|  88|0x000000008a400000, 0x000000008a400000, 0x000000008a500000|  0%| F|  |TAMS 0x000000008a400000, 0x000000008a400000| Untracked 
|  89|0x000000008a500000, 0x000000008a500000, 0x000000008a600000|  0%| F|  |TAMS 0x000000008a500000, 0x000000008a500000| Untracked 
|  90|0x000000008a600000, 0x000000008a600000, 0x000000008a700000|  0%| F|  |TAMS 0x000000008a600000, 0x000000008a600000| Untracked 
|  91|0x000000008a700000, 0x000000008a700000, 0x000000008a800000|  0%| F|  |TAMS 0x000000008a700000, 0x000000008a700000| Untracked 
|  92|0x000000008a800000, 0x000000008a800000, 0x000000008a900000|  0%| F|  |TAMS 0x000000008a800000, 0x000000008a800000| Untracked 
|  93|0x000000008a900000, 0x000000008a900000, 0x000000008aa00000|  0%| F|  |TAMS 0x000000008a900000, 0x000000008a900000| Untracked 
|  94|0x000000008aa00000, 0x000000008aa00000, 0x000000008ab00000|  0%| F|  |TAMS 0x000000008aa00000, 0x000000008aa00000| Untracked 
|  95|0x000000008ab00000, 0x000000008ab00000, 0x000000008ac00000|  0%| F|  |TAMS 0x000000008ab00000, 0x000000008ab00000| Untracked 
|  96|0x000000008ac00000, 0x000000008ac00000, 0x000000008ad00000|  0%| F|  |TAMS 0x000000008ac00000, 0x000000008ac00000| Untracked 
|  97|0x000000008ad00000, 0x000000008ad00000, 0x000000008ae00000|  0%| F|  |TAMS 0x000000008ad00000, 0x000000008ad00000| Untracked 
|  98|0x000000008ae00000, 0x000000008ae00000, 0x000000008af00000|  0%| F|  |TAMS 0x000000008ae00000, 0x000000008ae00000| Untracked 
|  99|0x000000008af00000, 0x000000008af00000, 0x000000008b000000|  0%| F|  |TAMS 0x000000008af00000, 0x000000008af00000| Untracked 
| 100|0x000000008b000000, 0x000000008b000000, 0x000000008b100000|  0%| F|  |TAMS 0x000000008b000000, 0x000000008b000000| Untracked 
| 101|0x000000008b100000, 0x000000008b100000, 0x000000008b200000|  0%| F|  |TAMS 0x000000008b100000, 0x000000008b100000| Untracked 
| 102|0x000000008b200000, 0x000000008b200000, 0x000000008b300000|  0%| F|  |TAMS 0x000000008b200000, 0x000000008b200000| Untracked 
| 103|0x000000008b300000, 0x000000008b300000, 0x000000008b400000|  0%| F|  |TAMS 0x000000008b300000, 0x000000008b300000| Untracked 
| 104|0x000000008b400000, 0x000000008b400000, 0x000000008b500000|  0%| F|  |TAMS 0x000000008b400000, 0x000000008b400000| Untracked 
| 105|0x000000008b500000, 0x000000008b500000, 0x000000008b600000|  0%| F|  |TAMS 0x000000008b500000, 0x000000008b500000| Untracked 
| 106|0x000000008b600000, 0x000000008b700000, 0x000000008b700000|100%| E|  |TAMS 0x000000008b600000, 0x000000008b600000| Complete 
| 107|0x000000008b700000, 0x000000008b800000, 0x000000008b800000|100%| E|CS|TAMS 0x000000008b700000, 0x000000008b700000| Complete 
| 108|0x000000008b800000, 0x000000008b900000, 0x000000008b900000|100%| E|CS|TAMS 0x000000008b800000, 0x000000008b800000| Complete 
| 109|0x000000008b900000, 0x000000008ba00000, 0x000000008ba00000|100%| E|CS|TAMS 0x000000008b900000, 0x000000008b900000| Complete 
| 110|0x000000008ba00000, 0x000000008bb00000, 0x000000008bb00000|100%| E|CS|TAMS 0x000000008ba00000, 0x000000008ba00000| Complete 
| 111|0x000000008bb00000, 0x000000008bc00000, 0x000000008bc00000|100%| E|CS|TAMS 0x000000008bb00000, 0x000000008bb00000| Complete 
| 112|0x000000008bc00000, 0x000000008bd00000, 0x000000008bd00000|100%| E|  |TAMS 0x000000008bc00000, 0x000000008bc00000| Complete 
| 113|0x000000008bd00000, 0x000000008be00000, 0x000000008be00000|100%| E|CS|TAMS 0x000000008bd00000, 0x000000008bd00000| Complete 
| 114|0x000000008be00000, 0x000000008bf00000, 0x000000008bf00000|100%| E|CS|TAMS 0x000000008be00000, 0x000000008be00000| Complete 
| 115|0x000000008bf00000, 0x000000008c000000, 0x000000008c000000|100%| E|CS|TAMS 0x000000008bf00000, 0x000000008bf00000| Complete 
| 116|0x000000008c000000, 0x000000008c100000, 0x000000008c100000|100%| E|CS|TAMS 0x000000008c000000, 0x000000008c000000| Complete 
| 117|0x000000008c100000, 0x000000008c200000, 0x000000008c200000|100%| E|CS|TAMS 0x000000008c100000, 0x000000008c100000| Complete 
| 118|0x000000008c200000, 0x000000008c300000, 0x000000008c300000|100%| E|CS|TAMS 0x000000008c200000, 0x000000008c200000| Complete 
| 119|0x000000008c300000, 0x000000008c400000, 0x000000008c400000|100%| E|CS|TAMS 0x000000008c300000, 0x000000008c300000| Complete 
| 120|0x000000008c400000, 0x000000008c500000, 0x000000008c500000|100%| E|CS|TAMS 0x000000008c400000, 0x000000008c400000| Complete 
| 121|0x000000008c500000, 0x000000008c600000, 0x000000008c600000|100%| E|CS|TAMS 0x000000008c500000, 0x000000008c500000| Complete 
| 122|0x000000008c600000, 0x000000008c700000, 0x000000008c700000|100%| E|CS|TAMS 0x000000008c600000, 0x000000008c600000| Complete 
| 123|0x000000008c700000, 0x000000008c800000, 0x000000008c800000|100%| E|CS|TAMS 0x000000008c700000, 0x000000008c700000| Complete 

Card table byte_map: [0x0000022deed80000,0x0000022def160000] _byte_map_base: 0x0000022dee95a000

Marking Bits (Prev, Next): (CMBitMap*) 0x0000022ddc006c60, (CMBitMap*) 0x0000022ddc006ca0
 Prev Bits: [0x0000022def540000, 0x0000022df1410000)
 Next Bits: [0x0000022df1410000, 0x0000022df32e0000)

Polling page: 0x0000022ddb780000

Metaspace:

Usage:
  Non-class:     11.19 MB used.
      Class:    994.10 KB used.
       Both:     12.16 MB used.

Virtual space:
  Non-class space:       16.00 MB reserved,      11.31 MB ( 71%) committed,  2 nodes.
      Class space:        1.00 GB reserved,       1.06 MB ( <1%) committed,  1 nodes.
             Both:        1.02 GB reserved,      12.38 MB (  1%) committed. 

Chunk freelists:
   Non-Class:  656.00 KB
       Class:  2.98 MB
        Both:  3.62 MB

MaxMetaspaceSize: unlimited
CompressedClassSpaceSize: 1.00 GB
Initial GC threshold: 21.00 MB
Current GC threshold: 21.00 MB
CDS: off
MetaspaceReclaimPolicy: balanced
 - commit_granule_bytes: 65536.
 - commit_granule_words: 8192.
 - virtual_space_node_default_size: 1048576.
 - enlarge_chunks_in_place: 1.
 - new_chunks_are_fully_committed: 0.
 - uncommit_free_chunks: 1.
 - use_allocation_guard: 0.
 - handle_deallocations: 1.


Internal statistics:

num_allocs_failed_limit: 0.
num_arena_births: 66.
num_arena_deaths: 0.
num_vsnodes_births: 3.
num_vsnodes_deaths: 0.
num_space_committed: 196.
num_space_uncommitted: 0.
num_chunks_returned_to_freelist: 0.
num_chunks_taken_from_freelist: 235.
num_chunk_merges: 0.
num_chunk_splits: 160.
num_chunks_enlarged: 127.
num_purges: 0.
num_inconsistent_stats: 0.

CodeHeap 'non-profiled nmethods': size=120000Kb used=309Kb max_used=309Kb free=119691Kb
 bounds [0x0000022de7140000, 0x0000022de73b0000, 0x0000022dee670000]
CodeHeap 'profiled nmethods': size=120000Kb used=1425Kb max_used=1425Kb free=118574Kb
 bounds [0x0000022ddfc10000, 0x0000022ddfe80000, 0x0000022de7140000]
CodeHeap 'non-nmethods': size=5760Kb used=1629Kb max_used=1640Kb free=4130Kb
 bounds [0x0000022ddf670000, 0x0000022ddf8e0000, 0x0000022ddfc10000]
 total_blobs=1892 nmethods=839 adapters=966
 compilation: enabled
              stopped_count=0, restarted_count=0
 full_count=0

Compilation events (20 events):
Event: 1.728 Thread 0x0000022df68612f0 nmethod 831 0x0000022ddfd6f410 code [0x0000022ddfd6f640, 0x0000022ddfd6fd28]
Event: 1.728 Thread 0x0000022df68612f0  834       3       jdk.internal.org.objectweb.asm.SymbolTable$Entry::<init> (18 bytes)
Event: 1.728 Thread 0x0000022df68612f0 nmethod 834 0x0000022ddfd70010 code [0x0000022ddfd701c0, 0x0000022ddfd70348]
Event: 1.729 Thread 0x0000022df685f9e0 nmethod 821 0x0000022de7185c10 code [0x0000022de7185ec0, 0x0000022de7187840]
Event: 1.730 Thread 0x0000022df685f9e0  829  s!   4       jdk.internal.loader.URLClassPath::getLoader (194 bytes)
Event: 1.744 Thread 0x0000022df68612f0  836   !   3       java.nio.ByteBuffer::getArray (121 bytes)
Event: 1.745 Thread 0x0000022df68612f0 nmethod 836 0x0000022ddfd70410 code [0x0000022ddfd70680, 0x0000022ddfd71258]
Event: 1.745 Thread 0x0000022df68612f0  835       3       java.nio.ByteBuffer::get (54 bytes)
Event: 1.746 Thread 0x0000022df68612f0 nmethod 835 0x0000022ddfd71890 code [0x0000022ddfd71a80, 0x0000022ddfd71f98]
Event: 1.762 Thread 0x0000022df685f9e0 nmethod 829 0x0000022de7188410 code [0x0000022de71886a0, 0x0000022de7189e10]
Event: 1.762 Thread 0x0000022df685f9e0  826   !   4       jdk.internal.loader.URLClassPath$JarLoader::getResource (65 bytes)
Event: 1.764 Thread 0x0000022df68612f0  837       3       org.lwjgl.system.MemoryUtil::memByteBuffer (29 bytes)
Event: 1.765 Thread 0x0000022df68612f0 nmethod 837 0x0000022ddfd72190 code [0x0000022ddfd72360, 0x0000022ddfd72728]
Event: 1.782 Thread 0x0000022df68612f0  838       3       org.lwjgl.system.MemoryUtil::memASCII (55 bytes)
Event: 1.783 Thread 0x0000022df68612f0 nmethod 838 0x0000022ddfd72890 code [0x0000022ddfd72ac0, 0x0000022ddfd73398]
Event: 1.783 Thread 0x0000022df68612f0  839       3       java.lang.String::<init> (127 bytes)
Event: 1.783 Thread 0x0000022df68612f0 nmethod 839 0x0000022ddfd73610 code [0x0000022ddfd73800, 0x0000022ddfd73d48]
Event: 1.783 Thread 0x0000022df68612f0  840       3       java.util.concurrent.ConcurrentHashMap$Node::<init> (14 bytes)
Event: 1.783 Thread 0x0000022df68612f0 nmethod 840 0x0000022ddfd73f10 code [0x0000022ddfd740c0, 0x0000022ddfd743b8]
Event: 1.784 Thread 0x0000022df685f9e0 nmethod 826 0x0000022de718ac10 code [0x0000022de718af40, 0x0000022de718c498]

GC Heap History (0 events):
No events

Deoptimization events (20 events):
Event: 0.388 Thread 0x0000022ddbfab880 DEOPT PACKING pc=0x0000022de7151fac sp=0x000000fdce5fb0b0
Event: 0.388 Thread 0x0000022ddbfab880 DEOPT UNPACKING pc=0x0000022ddf6c5c23 sp=0x000000fdce5fb010 mode 2
Event: 0.394 Thread 0x0000022ddbfab880 DEOPT PACKING pc=0x0000022ddfc81865 sp=0x000000fdce5f9bf0
Event: 0.394 Thread 0x0000022ddbfab880 DEOPT UNPACKING pc=0x0000022ddf6c6763 sp=0x000000fdce5f9040 mode 0
Event: 0.412 Thread 0x0000022ddbfab880 Uncommon trap: trap_request=0xffffff45 fr.pc=0x0000022de714f2c0 relative=0x0000000000000040
Event: 0.412 Thread 0x0000022ddbfab880 Uncommon trap: reason=unstable_if action=reinterpret pc=0x0000022de714f2c0 method=sun.nio.fs.WindowsPathParser.isSlash(C)Z @ 9 c2
Event: 0.412 Thread 0x0000022ddbfab880 DEOPT PACKING pc=0x0000022de714f2c0 sp=0x000000fdce5fb970
Event: 0.412 Thread 0x0000022ddbfab880 DEOPT UNPACKING pc=0x0000022ddf6c5c23 sp=0x000000fdce5fb8f8 mode 2
Event: 0.434 Thread 0x0000022ddbfab880 DEOPT PACKING pc=0x0000022ddfc81865 sp=0x000000fdce5fba80
Event: 0.434 Thread 0x0000022ddbfab880 DEOPT UNPACKING pc=0x0000022ddf6c6763 sp=0x000000fdce5faed0 mode 0
Event: 0.452 Thread 0x0000022ddbfab880 Uncommon trap: trap_request=0xffffffde fr.pc=0x0000022de71696b0 relative=0x00000000000003f0
Event: 0.452 Thread 0x0000022ddbfab880 Uncommon trap: reason=class_check action=maybe_recompile pc=0x0000022de71696b0 method=java.util.HashMap.getNode(Ljava/lang/Object;)Ljava/util/HashMap$Node; @ 128 c2
Event: 0.452 Thread 0x0000022ddbfab880 DEOPT PACKING pc=0x0000022de71696b0 sp=0x000000fdce5fba00
Event: 0.453 Thread 0x0000022ddbfab880 DEOPT UNPACKING pc=0x0000022ddf6c5c23 sp=0x000000fdce5fb978 mode 2
Event: 1.168 Thread 0x0000022ddbfab880 DEOPT PACKING pc=0x0000022ddfc39a3e sp=0x000000fdce5fdf80
Event: 1.168 Thread 0x0000022ddbfab880 DEOPT UNPACKING pc=0x0000022ddf6c6763 sp=0x000000fdce5fd3f8 mode 0
Event: 1.302 Thread 0x0000022ddbfab880 Uncommon trap: trap_request=0xffffff5c fr.pc=0x0000022de717d3d8 relative=0x0000000000000058
Event: 1.302 Thread 0x0000022ddbfab880 Uncommon trap: reason=speculate_null_check action=make_not_entrant pc=0x0000022de717d3d8 method=sun.misc.Unsafe.getLong(Ljava/lang/Object;J)J @ 5 c2
Event: 1.302 Thread 0x0000022ddbfab880 DEOPT PACKING pc=0x0000022de717d3d8 sp=0x000000fdce5fecb0
Event: 1.302 Thread 0x0000022ddbfab880 DEOPT UNPACKING pc=0x0000022ddf6c5c23 sp=0x000000fdce5fec28 mode 2

Classes unloaded (0 events):
No events

Classes redefined (0 events):
No events

Internal exceptions (20 events):
Event: 0.377 Thread 0x0000022ddbfab880 Exception <a 'java/lang/NoSuchMethodError'{0x000000008c157408}: 'int java.lang.invoke.DirectMethodHandle$Holder.invokeSpecial(java.lang.Object, java.lang.Object, java.lang.Object)'> (0x000000008c157408) 
thrown [s\src\hotspot\share\interpreter\linkResolver.cpp, line 759]
Event: 0.413 Thread 0x0000022ddbfab880 Exception <a 'sun/nio/fs/WindowsException'{0x000000008c1f8a10}> (0x000000008c1f8a10) 
thrown [s\src\hotspot\share\prims\jni.cpp, line 516]
Event: 0.413 Thread 0x0000022ddbfab880 Exception <a 'sun/nio/fs/WindowsException'{0x000000008c1f8f80}> (0x000000008c1f8f80) 
thrown [s\src\hotspot\share\prims\jni.cpp, line 516]
Event: 0.426 Thread 0x0000022ddbfab880 Exception <a 'java/lang/NoSuchMethodError'{0x000000008c03be30}: 'int java.lang.invoke.DirectMethodHandle$Holder.invokeStaticInit(java.lang.Object, java.lang.Object, int, long)'> (0x000000008c03be30) 
thrown [s\src\hotspot\share\interpreter\linkResolver.cpp, line 759]
Event: 0.427 Thread 0x0000022ddbfab880 Exception <a 'java/lang/NoSuchMethodError'{0x000000008c0416f8}: 'java.lang.Object java.lang.invoke.DirectMethodHandle$Holder.newInvokeSpecial(java.lang.Object, java.lang.Object, int)'> (0x000000008c0416f8) 
thrown [s\src\hotspot\share\interpreter\linkResolver.cpp, line 759]
Event: 0.430 Thread 0x0000022ddbfab880 Exception <a 'java/lang/NoSuchMethodError'{0x000000008c0565b0}: 'int java.lang.invoke.DirectMethodHandle$Holder.invokeStaticInit(java.lang.Object, java.lang.Object, long, long)'> (0x000000008c0565b0) 
thrown [s\src\hotspot\share\interpreter\linkResolver.cpp, line 759]
Event: 0.431 Thread 0x0000022ddbfab880 Exception <a 'java/lang/NoSuchMethodError'{0x000000008c05c6c0}: 'java.lang.Object java.lang.invoke.DirectMethodHandle$Holder.newInvokeSpecial(java.lang.Object, java.lang.Object, long)'> (0x000000008c05c6c0) 
thrown [s\src\hotspot\share\interpreter\linkResolver.cpp, line 759]
Event: 0.431 Thread 0x0000022ddbfab880 Exception <a 'java/lang/NoSuchMethodError'{0x000000008c060708}: 'java.lang.Object java.lang.invoke.Invokers$Holder.linkToTargetMethod(java.lang.Object, long, java.lang.Object)'> (0x000000008c060708) 
thrown [s\src\hotspot\share\interpreter\linkResolver.cpp, line 759]
Event: 0.432 Thread 0x0000022ddbfab880 Exception <a 'java/lang/NoSuchMethodError'{0x000000008c067e20}: 'int java.lang.invoke.DirectMethodHandle$Holder.invokeStaticInit(java.lang.Object, java.lang.Object, java.lang.Object, long)'> (0x000000008c067e20) 
thrown [s\src\hotspot\share\interpreter\linkResolver.cpp, line 759]
Event: 0.456 Thread 0x0000022ddbfab880 Exception <a 'sun/nio/fs/WindowsException'{0x000000008bf21f18}> (0x000000008bf21f18) 
thrown [s\src\hotspot\share\prims\jni.cpp, line 516]
Event: 0.456 Thread 0x0000022ddbfab880 Exception <a 'sun/nio/fs/WindowsException'{0x000000008bf222d0}> (0x000000008bf222d0) 
thrown [s\src\hotspot\share\prims\jni.cpp, line 516]
Event: 0.486 Thread 0x0000022ddbfab880 Exception <a 'sun/nio/fs/WindowsException'{0x000000008bfe37d8}> (0x000000008bfe37d8) 
thrown [s\src\hotspot\share\prims\jni.cpp, line 516]
Event: 0.486 Thread 0x0000022ddbfab880 Exception <a 'sun/nio/fs/WindowsException'{0x000000008bfe3b60}> (0x000000008bfe3b60) 
thrown [s\src\hotspot\share\prims\jni.cpp, line 516]
Event: 0.531 Thread 0x0000022ddbfab880 Exception <a 'sun/nio/fs/WindowsException'{0x000000008be7d288}> (0x000000008be7d288) 
thrown [s\src\hotspot\share\prims\jni.cpp, line 516]
Event: 0.531 Thread 0x0000022ddbfab880 Exception <a 'sun/nio/fs/WindowsException'{0x000000008be7d628}> (0x000000008be7d628) 
thrown [s\src\hotspot\share\prims\jni.cpp, line 516]
Event: 1.168 Thread 0x0000022ddbfab880 Exception <a 'java/lang/NoSuchMethodError'{0x000000008beca4d0}: 'java.lang.Object java.lang.invoke.DirectMethodHandle$Holder.newInvokeSpecial(java.lang.Object, long)'> (0x000000008beca4d0) 
thrown [s\src\hotspot\share\interpreter\linkResolver.cpp, line 759]
Event: 1.270 Thread 0x0000022ddbfab880 Exception <a 'sun/nio/fs/WindowsException'{0x000000008bdfd8a8}> (0x000000008bdfd8a8) 
thrown [s\src\hotspot\share\prims\jni.cpp, line 516]
Event: 1.270 Thread 0x0000022ddbfab880 Exception <a 'sun/nio/fs/WindowsException'{0x000000008bdfdc68}> (0x000000008bdfdc68) 
thrown [s\src\hotspot\share\prims\jni.cpp, line 516]
Event: 1.273 Thread 0x0000022ddbfab880 Exception <a 'sun/nio/fs/WindowsException'{0x000000008bc0db90}> (0x000000008bc0db90) 
thrown [s\src\hotspot\share\prims\jni.cpp, line 516]
Event: 1.273 Thread 0x0000022ddbfab880 Exception <a 'sun/nio/fs/WindowsException'{0x000000008bc0de90}> (0x000000008bc0de90) 
thrown [s\src\hotspot\share\prims\jni.cpp, line 516]

VM Operations (10 events):
Event: 0.222 Executing VM operation: HandshakeAllThreads
Event: 0.222 Executing VM operation: HandshakeAllThreads done
Event: 0.313 Executing VM operation: HandshakeAllThreads
Event: 0.313 Executing VM operation: HandshakeAllThreads done
Event: 0.375 Executing VM operation: HandshakeAllThreads
Event: 0.375 Executing VM operation: HandshakeAllThreads done
Event: 1.348 Executing VM operation: HandshakeAllThreads
Event: 1.348 Executing VM operation: HandshakeAllThreads done
Event: 1.348 Executing VM operation: Cleanup
Event: 1.348 Executing VM operation: Cleanup done

Events (20 events):
Event: 1.478 loading class sun/net/DefaultProgressMeteringPolicy
Event: 1.478 loading class sun/net/ProgressMeteringPolicy
Event: 1.478 loading class sun/net/ProgressMeteringPolicy done
Event: 1.478 loading class sun/net/DefaultProgressMeteringPolicy done
Event: 1.566 loading class jdk/internal/math/FloatingDecimal
Event: 1.566 loading class jdk/internal/math/FloatingDecimal done
Event: 1.566 loading class jdk/internal/math/FloatingDecimal$ExceptionalBinaryToASCIIBuffer
Event: 1.566 loading class jdk/internal/math/FloatingDecimal$BinaryToASCIIConverter
Event: 1.566 loading class jdk/internal/math/FloatingDecimal$BinaryToASCIIConverter done
Event: 1.566 loading class jdk/internal/math/FloatingDecimal$ExceptionalBinaryToASCIIBuffer done
Event: 1.567 loading class jdk/internal/math/FloatingDecimal$BinaryToASCIIBuffer
Event: 1.567 loading class jdk/internal/math/FloatingDecimal$BinaryToASCIIBuffer done
Event: 1.567 loading class jdk/internal/math/FloatingDecimal$1
Event: 1.567 loading class jdk/internal/math/FloatingDecimal$1 done
Event: 1.567 loading class jdk/internal/math/FloatingDecimal$PreparedASCIIToBinaryBuffer
Event: 1.567 loading class jdk/internal/math/FloatingDecimal$ASCIIToBinaryConverter
Event: 1.567 loading class jdk/internal/math/FloatingDecimal$ASCIIToBinaryConverter done
Event: 1.567 loading class jdk/internal/math/FloatingDecimal$PreparedASCIIToBinaryBuffer done
Event: 1.567 loading class jdk/internal/math/FloatingDecimal$ASCIIToBinaryBuffer
Event: 1.567 loading class jdk/internal/math/FloatingDecimal$ASCIIToBinaryBuffer done


Dynamic libraries:
0x00007ff7290b0000 - 0x00007ff7290be000 	C:\Users\HP\.p2\pool\plugins\org.eclipse.justj.openjdk.hotspot.jre.full.win32.x86_64_17.0.4.v20220805-1047\jre\bin\javaw.exe
0x00007ffbb2970000 - 0x00007ffbb2b68000 	C:\Windows\SYSTEM32\ntdll.dll
0x00007ffbb0c70000 - 0x00007ffbb0d2d000 	C:\Windows\System32\KERNEL32.DLL
0x00007ffbb06f0000 - 0x00007ffbb09c2000 	C:\Windows\System32\KERNELBASE.dll
0x00007ffbb0490000 - 0x00007ffbb0590000 	C:\Windows\System32\ucrtbase.dll
0x00007ffba8720000 - 0x00007ffba8738000 	C:\Users\HP\.p2\pool\plugins\org.eclipse.justj.openjdk.hotspot.jre.full.win32.x86_64_17.0.4.v20220805-1047\jre\bin\jli.dll
0x00007ffba5840000 - 0x00007ffba5859000 	C:\Users\HP\.p2\pool\plugins\org.eclipse.justj.openjdk.hotspot.jre.full.win32.x86_64_17.0.4.v20220805-1047\jre\bin\VCRUNTIME140.dll
0x00007ffbb1150000 - 0x00007ffbb12ed000 	C:\Windows\System32\USER32.dll
0x00007ffbb0140000 - 0x00007ffbb0162000 	C:\Windows\System32\win32u.dll
0x00007ffb93a10000 - 0x00007ffb93caa000 	C:\Windows\WinSxS\amd64_microsoft.windows.common-controls_6595b64144ccf1df_6.0.19041.1110_none_60b5254171f9507e\COMCTL32.dll
0x00007ffbb0d30000 - 0x00007ffbb0d5b000 	C:\Windows\System32\GDI32.dll
0x00007ffbb0380000 - 0x00007ffbb048f000 	C:\Windows\System32\gdi32full.dll
0x00007ffbb2340000 - 0x00007ffbb23de000 	C:\Windows\System32\msvcrt.dll
0x00007ffbb0590000 - 0x00007ffbb062d000 	C:\Windows\System32\msvcp_win.dll
0x00007ffbb2510000 - 0x00007ffbb2540000 	C:\Windows\System32\IMM32.DLL
0x00007ffba7c50000 - 0x00007ffba7c5c000 	C:\Users\HP\.p2\pool\plugins\org.eclipse.justj.openjdk.hotspot.jre.full.win32.x86_64_17.0.4.v20220805-1047\jre\bin\vcruntime140_1.dll
0x00007ffb810b0000 - 0x00007ffb81141000 	C:\Users\HP\.p2\pool\plugins\org.eclipse.justj.openjdk.hotspot.jre.full.win32.x86_64_17.0.4.v20220805-1047\jre\bin\msvcp140.dll
0x00007ffb568f0000 - 0x00007ffb57536000 	C:\Users\HP\.p2\pool\plugins\org.eclipse.justj.openjdk.hotspot.jre.full.win32.x86_64_17.0.4.v20220805-1047\jre\bin\server\jvm.dll
0x00007ffbb26e0000 - 0x00007ffbb278e000 	C:\Windows\System32\ADVAPI32.dll
0x00007ffbb1860000 - 0x00007ffbb18fc000 	C:\Windows\System32\sechost.dll
0x00007ffbb2050000 - 0x00007ffbb2175000 	C:\Windows\System32\RPCRT4.dll
0x00007ffbb0a30000 - 0x00007ffbb0a38000 	C:\Windows\System32\PSAPI.DLL
0x00007ffba7e40000 - 0x00007ffba7e49000 	C:\Windows\SYSTEM32\WSOCK32.dll
0x00007ffbb28c0000 - 0x00007ffbb292b000 	C:\Windows\System32\WS2_32.dll
0x00007ffb92b90000 - 0x00007ffb92bb7000 	C:\Windows\SYSTEM32\WINMM.dll
0x00007ffba6c10000 - 0x00007ffba6c1a000 	C:\Windows\SYSTEM32\VERSION.dll
0x00007ffbae920000 - 0x00007ffbae932000 	C:\Windows\SYSTEM32\kernel.appcore.dll
0x00007ffba5510000 - 0x00007ffba551a000 	C:\Users\HP\.p2\pool\plugins\org.eclipse.justj.openjdk.hotspot.jre.full.win32.x86_64_17.0.4.v20220805-1047\jre\bin\jimage.dll
0x00007ffbaac80000 - 0x00007ffbaae64000 	C:\Windows\SYSTEM32\DBGHELP.DLL
0x00007ffb92bc0000 - 0x00007ffb92bec000 	C:\Windows\SYSTEM32\dbgcore.DLL
0x00007ffbb0630000 - 0x00007ffbb06b2000 	C:\Windows\System32\bcryptPrimitives.dll
0x00007ffb99b20000 - 0x00007ffb99b45000 	C:\Users\HP\.p2\pool\plugins\org.eclipse.justj.openjdk.hotspot.jre.full.win32.x86_64_17.0.4.v20220805-1047\jre\bin\java.dll
0x00007ffb81450000 - 0x00007ffb81468000 	C:\Users\HP\.p2\pool\plugins\org.eclipse.justj.openjdk.hotspot.jre.full.win32.x86_64_17.0.4.v20220805-1047\jre\bin\zip.dll
0x00007ffbb1900000 - 0x00007ffbb2043000 	C:\Windows\System32\SHELL32.dll
0x00007ffbae120000 - 0x00007ffbae8b1000 	C:\Windows\SYSTEM32\windows.storage.dll
0x00007ffbb0d60000 - 0x00007ffbb10b4000 	C:\Windows\System32\combase.dll
0x00007ffbafa00000 - 0x00007ffbafa30000 	C:\Windows\SYSTEM32\Wldp.dll
0x00007ffbb2290000 - 0x00007ffbb233d000 	C:\Windows\System32\SHCORE.dll
0x00007ffbb2180000 - 0x00007ffbb21d5000 	C:\Windows\System32\shlwapi.dll
0x00007ffbaffc0000 - 0x00007ffbaffdf000 	C:\Windows\SYSTEM32\profapi.dll
0x00007ffb81290000 - 0x00007ffb812a9000 	C:\Users\HP\.p2\pool\plugins\org.eclipse.justj.openjdk.hotspot.jre.full.win32.x86_64_17.0.4.v20220805-1047\jre\bin\net.dll
0x00007ffb96b80000 - 0x00007ffb96c8d000 	C:\Windows\SYSTEM32\WINHTTP.dll
0x00007ffbaf760000 - 0x00007ffbaf7ca000 	C:\Windows\system32\mswsock.dll
0x00007ffb81220000 - 0x00007ffb81235000 	C:\Users\HP\.p2\pool\plugins\org.eclipse.justj.openjdk.hotspot.jre.full.win32.x86_64_17.0.4.v20220805-1047\jre\bin\nio.dll
0x0000000067c40000 - 0x0000000067c69000 	C:\Users\HP\AppData\Local\Temp\libgdxJoseph Donoso\e787ab0a\gdx64.dll
0x00007ffb816b0000 - 0x00007ffb81725000 	C:\Users\HP\AppData\Local\Temp\lwjglJoseph Donoso\3.3.1-build-7\lwjgl.dll
0x00007ffb7fad0000 - 0x00007ffb7fd29000 	C:\Users\HP\AppData\Local\Temp\lwjglJoseph Donoso\3.3.1-build-7\jemalloc.dll
0x00007ffb81040000 - 0x00007ffb810a1000 	C:\Users\HP\AppData\Local\Temp\lwjglJoseph Donoso\3.3.1-build-7\glfw.dll
0x00007ffb813c0000 - 0x00007ffb81405000 	C:\Windows\SYSTEM32\dinput8.dll
0x00007ffba5680000 - 0x00007ffba5691000 	C:\Windows\SYSTEM32\xinput1_4.dll
0x00007ffbb0080000 - 0x00007ffbb00ce000 	C:\Windows\System32\cfgmgr32.dll
0x00007ffbafd70000 - 0x00007ffbafd9c000 	C:\Windows\SYSTEM32\DEVOBJ.dll
0x00007ffbaa860000 - 0x00007ffbaa88f000 	C:\Windows\SYSTEM32\dwmapi.dll
0x00007ffb98820000 - 0x00007ffb98972000 	C:\Windows\SYSTEM32\inputhost.dll
0x00007ffbb2440000 - 0x00007ffbb250d000 	C:\Windows\System32\OLEAUT32.dll
0x00007ffba9640000 - 0x00007ffba9794000 	C:\Windows\SYSTEM32\wintypes.dll
0x00007ffbaa070000 - 0x00007ffbaa162000 	C:\Windows\SYSTEM32\CoreMessaging.dll
0x00007ffba8570000 - 0x00007ffba8666000 	C:\Windows\SYSTEM32\PROPSYS.dll
0x00007ffba9d10000 - 0x00007ffbaa06e000 	C:\Windows\SYSTEM32\CoreUIComponents.dll
0x00007ffbaf1a0000 - 0x00007ffbaf1d3000 	C:\Windows\SYSTEM32\ntmarta.dll
0x00007ffbaa570000 - 0x00007ffbaa60e000 	C:\Windows\system32\uxtheme.dll
0x00007ffbb25c0000 - 0x00007ffbb26d5000 	C:\Windows\System32\MSCTF.dll
0x00007ffb7f930000 - 0x00007ffb7fac7000 	C:\Users\HP\AppData\Local\Temp\lwjglJoseph Donoso\3.3.1-build-7\OpenAL.dll
0x00007ffbb2790000 - 0x00007ffbb28ba000 	C:\Windows\System32\ole32.dll
0x00007ffbb21e0000 - 0x00007ffbb228f000 	C:\Windows\System32\clbcatq.dll
0x00007ffba68a0000 - 0x00007ffba6925000 	C:\Windows\System32\MMDevApi.dll
0x00007ffba69d0000 - 0x00007ffba6b52000 	C:\Windows\SYSTEM32\AUDIOSES.DLL
0x00007ffbafef0000 - 0x00007ffbaff3b000 	C:\Windows\SYSTEM32\powrprof.dll
0x00007ffbafed0000 - 0x00007ffbafee2000 	C:\Windows\SYSTEM32\UMPDC.dll
0x00007ffbaa760000 - 0x00007ffbaa774000 	C:\Windows\SYSTEM32\resourcepolicyclient.dll
0x00007ffb84cc0000 - 0x00007ffb84de7000 	C:\Windows\SYSTEM32\opengl32.dll
0x00007ffb857a0000 - 0x00007ffb857cc000 	C:\Windows\SYSTEM32\GLU32.dll
0x00007ffba6680000 - 0x00007ffba6777000 	C:\Windows\System32\AppXDeploymentClient.dll
0x00007ffb537d0000 - 0x00007ffb547e7000 	C:\Windows\System32\DriverStore\FileRepository\iigd_dch.inf_amd64_6ce565ec54103c62\ig11icd64.dll
0x00007ffbae940000 - 0x00007ffbaea33000 	C:\Windows\system32\dxgi.dll
0x00007ffb9e660000 - 0x00007ffb9e8b7000 	C:\Windows\System32\DriverStore\FileRepository\iigd_dch.inf_amd64_6ce565ec54103c62\igdgmm64.dll
0x00007ffb9b9f0000 - 0x00007ffb9e609000 	C:\Windows\System32\DriverStore\FileRepository\iigd_dch.inf_amd64_6ce565ec54103c62\igc64.dll
0x00007ffb76150000 - 0x00007ffb7655b000 	C:\Windows\System32\DriverStore\FileRepository\iigd_dch.inf_amd64_6ce565ec54103c62\igdml64.dll
0x00007ffb7f8d0000 - 0x00007ffb7f92d000 	C:\Users\HP\AppData\Local\Temp\lwjglJoseph Donoso\3.3.1-build-7\lwjgl_opengl.dll
0x00007ffb98980000 - 0x00007ffb98a79000 	C:\Windows\SYSTEM32\textinputframework.dll
0x00007ffb7d870000 - 0x00007ffb7d8d6000 	C:\Windows\system32\Oleacc.dll
0x0000000067be0000 - 0x0000000067c3a000 	C:\Users\HP\AppData\Local\Temp\libgdxJoseph Donoso\888fe1bc\gdx-box2d64.dll

dbghelp: loaded successfully - version: 4.0.5 - missing functions: none
symbol engine: initialized successfully - sym options: 0x614 - pdb path: .;C:\Users\HP\.p2\pool\plugins\org.eclipse.justj.openjdk.hotspot.jre.full.win32.x86_64_17.0.4.v20220805-1047\jre\bin;C:\Windows\SYSTEM32;C:\Windows\WinSxS\amd64_microsoft.windows.common-controls_6595b64144ccf1df_6.0.19041.1110_none_60b5254171f9507e;C:\Users\HP\.p2\pool\plugins\org.eclipse.justj.openjdk.hotspot.jre.full.win32.x86_64_17.0.4.v20220805-1047\jre\bin\server;C:\Users\HP\AppData\Local\Temp\libgdxJoseph Donoso\e787ab0a;C:\Users\HP\AppData\Local\Temp\lwjglJoseph Donoso\3.3.1-build-7;C:\Windows\System32\DriverStore\FileRepository\iigd_dch.inf_amd64_6ce565ec54103c62;C:\Users\HP\AppData\Local\Temp\libgdxJoseph Donoso\888fe1bc

VM Arguments:
jvm_args: -Dfile.encoding=UTF-8 -XX:+ShowCodeDetailsInExceptionMessages 
java_command: com.mygdx.game.DesktopLauncher
java_class_path (initial): C:\Users\HP\Desktop\Jimbo-Adventures-El-origen-main\Jimbo Adventures, El origen\desktop\bin\main;\Jimbo Adventures, El origen-core\bin\default;C:\Users\HP\Desktop\Jimbo-Adventures-El-origen-main\Jimbo Adventures, El origen\core\bin\main;C:\Users\HP\.gradle\caches\modules-2\files-2.1\com.badlogicgames.gdx\gdx-backend-lwjgl3\1.11.0\58a96db4cd349be4292d547856aa1e1c5f065f4e\gdx-backend-lwjgl3-1.11.0.jar;C:\Users\HP\.gradle\caches\modules-2\files-2.1\com.badlogicgames.gdx\gdx-platform\1.11.0\697fb13eada6d3c6ca648c9788692b0159add126\gdx-platform-1.11.0-natives-desktop.jar;C:\Users\HP\.gradle\caches\modules-2\files-2.1\com.badlogicgames.gdx\gdx-box2d-platform\1.11.0\62ff9baa1e57a11e0a4428a38c9660bf9f312fdc\gdx-box2d-platform-1.11.0-natives-desktop.jar;C:\Users\HP\.gradle\caches\modules-2\files-2.1\com.badlogicgames.gdx\gdx-bullet-platform\1.11.0\2c067b913a306ba26d482075297538ad91cdb88b\gdx-bullet-platform-1.11.0-natives-desktop.jar;C:\Users\HP\.gradle\caches\modules-2\files-2.1\com.badlogicgames.gdx\gdx-box2d\1.11.0\ad4facee800dd945d6d6e93dea2936bc135b5f\gdx-box2d-1.11.0.jar;C:\Users\HP\.gradle\caches\modules-2\files-2.1\com.badlogicgames.gdx\gdx-ai\1.8.2\ab75d2ce80ab1b1ce6828a15dc0f417abac4c674\gdx-ai-1.8.2.jar;C:\Users\HP\.gradle\caches\modules-2\files-2.1\com.badlogicgames.gdx\gdx-bullet\1.11.0\1eb83845fa655e7e8ab6bbb979d28b0502ad3302\gdx-bullet-1.11.0.jar;C:\Users\HP\.gradle\caches\modules-2\files-2.1\com.badlogicgames.gdx\gdx\1.11.0\ffe1206d1004cd9e40027e28964be0fea0399af7\gdx-1.11.0.jar;C:\Users\HP\.gradle\caches\modules-2\files-2.1\org.lwjgl\lwjgl-glfw\3.3.1\cbac1b8d30cb4795149c1ef540f912671a8616d0\lwjgl-glfw-3.3.1.jar;C:\Users\HP\.gradle\caches\modules-2\files-2.1\org.lwjgl\lwjgl-glfw\3.3.1\81716978214ecbda15050ca394b06ef61501a49e\lwjgl-glfw-3.3.1-natives-linux.jar;C:\Users\HP\.gradle\caches\modules-2\files-2.1\org.lwjgl\lwjgl-glfw\3.3.1\816d935933f2dd743074c4e717cc25b55720f294\lwjgl-glfw-3.3.1-natives-linux-arm32.jar;C:\Users\HP\.gradl
Launcher Type: SUN_STANDARD

[Global flags]
     intx CICompilerCount                          = 4                                         {product} {ergonomic}
     uint ConcGCThreads                            = 2                                         {product} {ergonomic}
     uint G1ConcRefinementThreads                  = 8                                         {product} {ergonomic}
   size_t G1HeapRegionSize                         = 1048576                                   {product} {ergonomic}
    uintx GCDrainStackTargetSize                   = 64                                        {product} {ergonomic}
   size_t InitialHeapSize                          = 130023424                                 {product} {ergonomic}
   size_t MarkStackSize                            = 4194304                                   {product} {ergonomic}
   size_t MaxHeapSize                              = 2067791872                                {product} {ergonomic}
   size_t MaxNewSize                               = 1240465408                                {product} {ergonomic}
   size_t MinHeapDeltaBytes                        = 1048576                                   {product} {ergonomic}
   size_t MinHeapSize                              = 8388608                                   {product} {ergonomic}
    uintx NonNMethodCodeHeapSize                   = 5839372                                {pd product} {ergonomic}
    uintx NonProfiledCodeHeapSize                  = 122909434                              {pd product} {ergonomic}
    uintx ProfiledCodeHeapSize                     = 122909434                              {pd product} {ergonomic}
    uintx ReservedCodeCacheSize                    = 251658240                              {pd product} {ergonomic}
     bool SegmentedCodeCache                       = true                                      {product} {ergonomic}
     bool ShowCodeDetailsInExceptionMessages       = true                                   {manageable} {command line}
   size_t SoftMaxHeapSize                          = 2067791872                             {manageable} {ergonomic}
     bool UseCompressedClassPointers               = true                           {product lp64_product} {ergonomic}
     bool UseCompressedOops                        = true                           {product lp64_product} {ergonomic}
     bool UseG1GC                                  = true                                      {product} {ergonomic}
     bool UseLargePagesIndividualAllocation        = false                                  {pd product} {ergonomic}

Logging:
Log output configuration:
 #0: stdout all=warning uptime,level,tags
 #1: stderr all=off uptime,level,tags

Environment Variables:
PATH=C:/Users/HP/.p2/pool/plugins/org.eclipse.justj.openjdk.hotspot.jre.full.win32.x86_64_17.0.4.v20220805-1047/jre/bin/server;C:/Users/HP/.p2/pool/plugins/org.eclipse.justj.openjdk.hotspot.jre.full.win32.x86_64_17.0.4.v20220805-1047/jre/bin;C:\Program Files (x86)\Common Files\Oracle\Java\javapath;C:\Windows\system32;C:\Windows;C:\Windows\System32\Wbem;C:\Windows\System32\WindowsPowerShell\v1.0\;C:\Windows\System32\OpenSSH\;C:\Program Files\Git\cmd;C:\Python39\Scripts\;C:\Python39\;C:\Users\HP\AppData\Local\Microsoft\WindowsApps;C:\Users\HP\AppData\Local\Programs\Microsoft VS Code\bin;C:\MinGW\bin;C:\src\sqlite-tools-win32-x86-3390100;C:\Program Files (x86)\Brackets\;C:\Windows\system32;
USERNAME=Joseph Donoso
OS=Windows_NT
PROCESSOR_IDENTIFIER=Intel64 Family 6 Model 126 Stepping 5, GenuineIntel
TMP=C:\Users\HP\AppData\Local\Temp
TEMP=C:\Users\HP\AppData\Local\Temp



---------------  S Y S T E M  ---------------

OS:
 Windows 10 , 64 bit Build 19041 (10.0.19041.1889)
OS uptime: 5 days 16:43 hours

CPU: total 8 (initial active 8) (4 cores per cpu, 2 threads per core) family 6 model 126 stepping 5 microcode 0xa0, cx8, cmov, fxsr, ht, mmx, 3dnowpref, sse, sse2, sse3, ssse3, sse4.1, sse4.2, popcnt, lzcnt, tsc, tscinvbit, avx, avx2, aes, erms, clmul, bmi1, bmi2, adx, avx512f, avx512dq, avx512cd, avx512bw, avx512vl, sha, fma, vzeroupper, avx512_vpopcntdq, avx512_vpclmulqdq, avx512_vaes, avx512_vnni, clflush, clflushopt, avx512_vbmi2, avx512_vbmi

Memory: 4k page, system-wide physical 7880M (1549M free)
TotalPageFile size 14280M (AvailPageFile size 3917M)
current process WorkingSet (physical memory assigned to process): 192M, peak: 192M
current process commit charge ("private bytes"): 322M, peak: 323M

vm_info: OpenJDK 64-Bit Server VM (17.0.4+8) for windows-amd64 JRE (17.0.4+8), built on Jul 19 2022 16:05:16 by "temurin" with MS VC++ 16.7 (VS2019)

END.
